2026-06-18 00:46:56,479 - INFO - no of null values : customerID          0
gender              0
SeniorCitizen       0
Partner             0
Dependents          0
tenure              0
PhoneService        0
MultipleLines       0
InternetService     0
OnlineSecurity      0
OnlineBackup        0
DeviceProtection    0
TechSupport         0
StreamingTV         0
StreamingMovies     0
Contract            0
PaperlessBilling    0
PaymentMethod       0
MonthlyCharges      0
TotalCharges        0
Churn               0
SIM                 0
dtype: int64
2026-06-18 00:46:56,483 - INFO - 
customerID          0
gender              0
SeniorCitizen       0
Partner             0
Dependents          0
tenure              0
PhoneService        0
MultipleLines       0
InternetService     0
OnlineSecurity      0
OnlineBackup        0
DeviceProtection    0
TechSupport         0
StreamingTV         0
StreamingMovies     0
Contract            0
PaperlessBilling    0
PaymentMethod       0
MonthlyCharges      0
TotalCharges        0
Churn               0
SIM                 0
dtype: int64
2026-06-18 00:46:56,487 - INFO - no of blank values : customerID           0
gender               0
SeniorCitizen        0
Partner              0
Dependents           0
tenure               0
PhoneService         0
MultipleLines        0
InternetService      0
OnlineSecurity       0
OnlineBackup         0
DeviceProtection     0
TechSupport          0
StreamingTV          0
StreamingMovies      0
Contract             0
PaperlessBilling     0
PaymentMethod        0
MonthlyCharges       0
TotalCharges        11
Churn                0
SIM                  0
dtype: int64
2026-06-18 00:46:56,502 - INFO - 
      customerID  gender  SeniorCitizen  Partner  Dependents  tenure  ...  PaperlessBilling  PaymentMethod  MonthlyCharges  TotalCharges  Churn    SIM
0          False   False          False    False       False   False  ...             False          False           False         False  False  False
1          False   False          False    False       False   False  ...             False          False           False         False  False  False
2          False   False          False    False       False   False  ...             False          False           False         False  False  False
3          False   False          False    False       False   False  ...             False          False           False         False  False  False
4          False   False          False    False       False   False  ...             False          False           False         False  False  False
...          ...     ...            ...      ...         ...     ...  ...               ...            ...             ...           ...    ...    ...
7038       False   False          False    False       False   False  ...             False          False           False         False  False  False
7039       False   False          False    False       False   False  ...             False          False           False         False  False  False
7040       False   False          False    False       False   False  ...             False          False           False         False  False  False
7041       False   False          False    False       False   False  ...             False          False           False         False  False  False
7042       False   False          False    False       False   False  ...             False          False           False         False  False  False

[7043 rows x 22 columns]
2026-06-18 00:46:56,502 - INFO - ==============before blank and null values==========
2026-06-18 00:46:56,502 - INFO - =======after blank values convert to null values========
2026-06-18 00:46:56,506 - INFO - no of null values : customerID           0
gender               0
SeniorCitizen        0
Partner              0
Dependents           0
tenure               0
PhoneService         0
MultipleLines        0
InternetService      0
OnlineSecurity       0
OnlineBackup         0
DeviceProtection     0
TechSupport          0
StreamingTV          0
StreamingMovies      0
Contract             0
PaperlessBilling     0
PaymentMethod        0
MonthlyCharges       0
TotalCharges        11
Churn                0
SIM                  0
dtype: int64
2026-06-18 00:46:56,510 - INFO - 
customerID           0
gender               0
SeniorCitizen        0
Partner              0
Dependents           0
tenure               0
PhoneService         0
MultipleLines        0
InternetService      0
OnlineSecurity       0
OnlineBackup         0
DeviceProtection     0
TechSupport          0
StreamingTV          0
StreamingMovies      0
Contract             0
PaperlessBilling     0
PaymentMethod        0
MonthlyCharges       0
TotalCharges        11
Churn                0
SIM                  0
dtype: int64
2026-06-18 00:46:56,515 - INFO - no of blank values : customerID          0
gender              0
SeniorCitizen       0
Partner             0
Dependents          0
tenure              0
PhoneService        0
MultipleLines       0
InternetService     0
OnlineSecurity      0
OnlineBackup        0
DeviceProtection    0
TechSupport         0
StreamingTV         0
StreamingMovies     0
Contract            0
PaperlessBilling    0
PaymentMethod       0
MonthlyCharges      0
TotalCharges        0
Churn               0
SIM                 0
dtype: int64
2026-06-18 00:46:56,528 - INFO - 
      customerID  gender  SeniorCitizen  Partner  Dependents  tenure  ...  PaperlessBilling  PaymentMethod  MonthlyCharges  TotalCharges  Churn    SIM
0          False   False          False    False       False   False  ...             False          False           False         False  False  False
1          False   False          False    False       False   False  ...             False          False           False         False  False  False
2          False   False          False    False       False   False  ...             False          False           False         False  False  False
3          False   False          False    False       False   False  ...             False          False           False         False  False  False
4          False   False          False    False       False   False  ...             False          False           False         False  False  False
...          ...     ...            ...      ...         ...     ...  ...               ...            ...             ...           ...    ...    ...
7038       False   False          False    False       False   False  ...             False          False           False         False  False  False
7039       False   False          False    False       False   False  ...             False          False           False         False  False  False
7040       False   False          False    False       False   False  ...             False          False           False         False  False  False
7041       False   False          False    False       False   False  ...             False          False           False         False  False  False
7042       False   False          False    False       False   False  ...             False          False           False         False  False  False

[7043 rows x 22 columns]
2026-06-18 00:46:56,534 - INFO - median value = 1397.475
2026-06-18 00:46:56,534 - INFO - Before Fill : 0
2026-06-18 00:46:56,534 - INFO - After Fill : 0
2026-06-18 00:46:56,539 - INFO - 
customerID          0
gender              0
SeniorCitizen       0
Partner             0
Dependents          0
tenure              0
PhoneService        0
MultipleLines       0
InternetService     0
OnlineSecurity      0
OnlineBackup        0
DeviceProtection    0
TechSupport         0
StreamingTV         0
StreamingMovies     0
Contract            0
PaperlessBilling    0
PaymentMethod       0
MonthlyCharges      0
TotalCharges        0
Churn               0
SIM                 0
dtype: int64
